<?xml version="1.0" encoding="UTF-8"?>
<robot generator="Robot 6.1.1 (Python 3.11.4 on win32)" generated="20231218 01:29:36.281" rpa="false" schemaversion="4">
<suite id="s1" name="Google Search Tests" source="C:\MyWebTestProject\tests\google_search_tests.robot">
<kw name="Open Browser" library="SeleniumLibrary" type="SETUP">
<arg>${UD_URL}</arg>
<arg>${BROWSER}</arg>
<doc>Opens a new browser instance to the optional ``url``.</doc>
<msg timestamp="20231218 01:29:36.580" level="INFO">Opening browser 'chrome' to base url 'https://google.com'.</msg>
<status status="PASS" starttime="20231218 01:29:36.579" endtime="20231218 01:29:40.129"/>
</kw>
<test id="s1-t1" name="Verify Title" line="13">
<kw name="Verify Title Contains" library="google_keywords">
<arg>google</arg>
<kw name="Wait Until Page Contains" library="SeleniumLibrary">
<arg>${expected_title}</arg>
<arg>timeout=10s</arg>
<doc>Waits until ``text`` appears on the current page.</doc>
<status status="PASS" starttime="20231218 01:29:40.130" endtime="20231218 01:29:40.146"/>
</kw>
<status status="PASS" starttime="20231218 01:29:40.130" endtime="20231218 01:29:40.147"/>
</kw>
<status status="PASS" starttime="20231218 01:29:40.129" endtime="20231218 01:29:40.147"/>
</test>
<test id="s1-t2" name="Search in Google" line="15">
<kw name="Input Search Query" library="google_keywords">
<arg>Zakaria</arg>
<kw name="Input Text" library="SeleniumLibrary">
<arg>name=q</arg>
<arg>${query}</arg>
<doc>Types the given ``text`` into the text field identified by ``locator``.</doc>
<msg timestamp="20231218 01:29:40.148" level="INFO">Typing text 'Zakaria' into text field 'name=q'.</msg>
<status status="PASS" starttime="20231218 01:29:40.148" endtime="20231218 01:29:40.256"/>
</kw>
<status status="PASS" starttime="20231218 01:29:40.148" endtime="20231218 01:29:40.256"/>
</kw>
<kw name="Press Enter Key" library="google_keywords">
<kw name="Press Keys" library="SeleniumLibrary">
<arg>name=q</arg>
<arg>\ue007</arg>
<doc>Simulates the user pressing key(s) to an element or on the active browser.</doc>
<msg timestamp="20231218 01:29:40.258" level="INFO">Sending key(s) ('\ue007',) to name=q element.</msg>
<msg timestamp="20231218 01:29:40.559" level="INFO">Sending key </msg>
<status status="PASS" starttime="20231218 01:29:40.257" endtime="20231218 01:29:42.114"/>
</kw>
<status status="PASS" starttime="20231218 01:29:40.256" endtime="20231218 01:29:42.114"/>
</kw>
<doc>Search for a query in Google.</doc>
<status status="PASS" starttime="20231218 01:29:40.148" endtime="20231218 01:29:42.115"/>
</test>
<kw name="Close Browser" library="SeleniumLibrary" type="TEARDOWN">
<doc>Closes the current browser.</doc>
<status status="PASS" starttime="20231218 01:29:42.116" endtime="20231218 01:29:44.211"/>
</kw>
<doc>Test cases for Google search</doc>
<status status="PASS" starttime="20231218 01:29:36.283" endtime="20231218 01:29:44.211"/>
</suite>
<statistics>
<total>
<stat pass="2" fail="0" skip="0">All Tests</stat>
</total>
<tag>
</tag>
<suite>
<stat pass="2" fail="0" skip="0" id="s1" name="Google Search Tests">Google Search Tests</stat>
</suite>
</statistics>
<errors>
</errors>
</robot>
