<?xml version="1.0" encoding="UTF-8"?>
<robot generator="Robot 6.1.1 (Python 3.11.4 on win32)" generated="20231218 00:18:52.623" rpa="false" schemaversion="4">
<suite id="s1" name="Web Tests" source="C:\MyWebTestProject\tests\web_tests.robot">
<kw name="Open Browser" library="SeleniumLibrary" type="SETUP">
<arg>${UD_URL}</arg>
<arg>${BROWSER}</arg>
<doc>Opens a new browser instance to the optional ``url``.</doc>
<msg timestamp="20231218 00:18:52.829" level="INFO">Opening browser 'chrome' to base url 'https://www.udemy.com/'.</msg>
<status status="PASS" starttime="20231218 00:18:52.828" endtime="20231218 00:19:07.163"/>
</kw>
<test id="s1-t1" name="Login to Udemy" line="13">
<kw name="Click Login Button" library="udemy_keywords">
<kw name="Wait Until Element Is Visible" library="SeleniumLibrary">
<arg>xpath://a[contains(@href, 'join/login-popup') and contains(@href, 'locale=fr_FR') and contains(@href, 'response_type=html')]</arg>
<doc>Waits until the element ``locator`` is visible.</doc>
<status status="PASS" starttime="20231218 00:19:07.164" endtime="20231218 00:19:07.432"/>
</kw>
<kw name="Click Element" library="SeleniumLibrary">
<arg>xpath://a[contains(@href, 'join/login-popup') and contains(@href, 'locale=fr_FR') and contains(@href, 'response_type=html')]</arg>
<doc>Click the element identified by ``locator``.</doc>
<msg timestamp="20231218 00:19:07.433" level="INFO">Clicking element 'xpath://a[contains(@href, 'join/login-popup') and contains(@href, 'locale=fr_FR') and contains(@href, 'response_type=html')]'.</msg>
<status status="PASS" starttime="20231218 00:19:07.432" endtime="20231218 00:19:12.904"/>
</kw>
<status status="PASS" starttime="20231218 00:19:07.164" endtime="20231218 00:19:12.905"/>
</kw>
<kw name="Sleep" library="BuiltIn">
<arg>60s</arg>
<doc>Pauses the test executed for the given time.</doc>
<msg timestamp="20231218 00:20:12.905" level="INFO">Slept 1 minute</msg>
<status status="PASS" starttime="20231218 00:19:12.905" endtime="20231218 00:20:12.905"/>
</kw>
<kw name="Input Username" library="udemy_keywords">
<arg>utacostore@gmail.com</arg>
<kw name="Input Text" library="SeleniumLibrary">
<arg>id:form-group--1</arg>
<arg>${username}</arg>
<doc>Types the given ``text`` into the text field identified by ``locator``.</doc>
<msg timestamp="20231218 00:20:12.905" level="INFO">Typing text 'utacostore@gmail.com' into text field 'id:form-group--1'.</msg>
<msg timestamp="20231218 00:20:13.105" level="INFO" html="true">&lt;/td&gt;&lt;/tr&gt;&lt;tr&gt;&lt;td colspan="3"&gt;&lt;a href="selenium-screenshot-7.png"&gt;&lt;img src="selenium-screenshot-7.png" width="800px"&gt;&lt;/a&gt;</msg>
<msg timestamp="20231218 00:20:13.105" level="FAIL">Element with locator 'id:form-group--1' not found.</msg>
<status status="FAIL" starttime="20231218 00:20:12.905" endtime="20231218 00:20:13.108"/>
</kw>
<status status="FAIL" starttime="20231218 00:20:12.905" endtime="20231218 00:20:13.108"/>
</kw>
<kw name="Input Password" library="udemy_keywords">
<arg>id:form-group--3</arg>
<arg>Zaka12/02</arg>
<status status="NOT RUN" starttime="20231218 00:20:13.109" endtime="20231218 00:20:13.109"/>
</kw>
<kw name="Submit Login" library="udemy_keywords">
<status status="NOT RUN" starttime="20231218 00:20:13.109" endtime="20231218 00:20:13.109"/>
</kw>
<doc>Login to Udemy with your credentials.</doc>
<status status="FAIL" starttime="20231218 00:19:07.163" endtime="20231218 00:20:13.109">Element with locator 'id:form-group--1' not found.</status>
</test>
<test id="s1-t2" name="My Learning check" line="21">
<kw name="Click My Learning Button" library="udemy_keywords">
<doc>Clicks the "My learning" button on the Udemy homepage.</doc>
<kw name="Wait Until Page Contains Element" library="SeleniumLibrary">
<arg>xpath://div[@class='my-learning-unit--learning-link-desktop--2_8bd']/a[@data-purpose='my-courses-link-desktop']</arg>
<doc>Waits until the element ``locator`` appears on the current page.</doc>
<msg timestamp="20231218 00:20:18.430" level="INFO" html="true">&lt;/td&gt;&lt;/tr&gt;&lt;tr&gt;&lt;td colspan="3"&gt;&lt;a href="selenium-screenshot-8.png"&gt;&lt;img src="selenium-screenshot-8.png" width="800px"&gt;&lt;/a&gt;</msg>
<msg timestamp="20231218 00:20:18.430" level="FAIL">Element 'xpath://div[@class='my-learning-unit--learning-link-desktop--2_8bd']/a[@data-purpose='my-courses-link-desktop']' did not appear in 5 seconds.</msg>
<status status="FAIL" starttime="20231218 00:20:13.112" endtime="20231218 00:20:18.431"/>
</kw>
<kw name="Click Element" library="SeleniumLibrary">
<arg>xpath://div[@class='my-learning-unit--learning-link-desktop--2_8bd']/a[@data-purpose='my-courses-link-desktop']</arg>
<doc>Click the element identified by ``locator``.</doc>
<status status="NOT RUN" starttime="20231218 00:20:18.431" endtime="20231218 00:20:18.431"/>
</kw>
<status status="FAIL" starttime="20231218 00:20:13.112" endtime="20231218 00:20:18.432"/>
</kw>
<doc>Check my courses for a course.</doc>
<status status="FAIL" starttime="20231218 00:20:13.111" endtime="20231218 00:20:18.433">Element 'xpath://div[@class='my-learning-unit--learning-link-desktop--2_8bd']/a[@data-purpose='my-courses-link-desktop']' did not appear in 5 seconds.</status>
</test>
<test id="s1-t3" name="Search for Courses" line="25">
<kw name="Input Search Term" library="udemy_keywords">
<arg>YourCourseName</arg>
<kw name="Input Text" library="SeleniumLibrary">
<arg>id:header-search-field</arg>
<arg>${search_term}</arg>
<doc>Types the given ``text`` into the text field identified by ``locator``.</doc>
<msg timestamp="20231218 00:20:18.435" level="INFO">Typing text 'YourCourseName' into text field 'id:header-search-field'.</msg>
<msg timestamp="20231218 00:20:18.601" level="INFO" html="true">&lt;/td&gt;&lt;/tr&gt;&lt;tr&gt;&lt;td colspan="3"&gt;&lt;a href="selenium-screenshot-9.png"&gt;&lt;img src="selenium-screenshot-9.png" width="800px"&gt;&lt;/a&gt;</msg>
<msg timestamp="20231218 00:20:18.601" level="FAIL">Element with locator 'id:header-search-field' not found.</msg>
<status status="FAIL" starttime="20231218 00:20:18.435" endtime="20231218 00:20:18.602"/>
</kw>
<status status="FAIL" starttime="20231218 00:20:18.435" endtime="20231218 00:20:18.602"/>
</kw>
<kw name="Submit Search" library="udemy_keywords">
<status status="NOT RUN" starttime="20231218 00:20:18.602" endtime="20231218 00:20:18.602"/>
</kw>
<kw name="Verify Course Appears" library="udemy_keywords">
<arg>YourCourseName</arg>
<status status="NOT RUN" starttime="20231218 00:20:18.603" endtime="20231218 00:20:18.603"/>
</kw>
<doc>Search for your courses on Udemy.</doc>
<status status="FAIL" starttime="20231218 00:20:18.434" endtime="20231218 00:20:18.603">Element with locator 'id:header-search-field' not found.</status>
</test>
<kw name="Close Browser" library="SeleniumLibrary" type="TEARDOWN">
<doc>Closes the current browser.</doc>
<status status="PASS" starttime="20231218 00:20:18.605" endtime="20231218 00:20:20.743"/>
</kw>
<doc>Udemy Automation Tests</doc>
<status status="FAIL" starttime="20231218 00:18:52.625" endtime="20231218 00:20:20.743"/>
</suite>
<statistics>
<total>
<stat pass="0" fail="3" skip="0">All Tests</stat>
</total>
<tag>
</tag>
<suite>
<stat pass="0" fail="3" skip="0" id="s1" name="Web Tests">Web Tests</stat>
</suite>
</statistics>
<errors>
</errors>
</robot>
